Base path: C:/Program Files/Unity/Editor/Data
Pipe name: \\.\pipe\UnityShaderCompiler-64bit-1-8368
Cmd: getPlatforms
Cmd: preprocess
  insize=2379 outsize=1092 ok=1
Cmd: compileSnippet
  api=4 type=0 insize=9591 outsize=10358 kw=UNITY_COLORSPACE_GAMMA ok=1
Cmd: compileSnippet
  api=4 type=1 insize=9591 outsize=2639 kw=UNITY_COLORSPACE_GAMMA ok=1
Cmd: compileSnippet
  api=4 type=0 insize=982 outsize=4995 kw=DIRECTIONAL SHADOWS_SCREEN LIGHTMAP_OFF DIRLIGHTMAP_OFF DYNAMICLIGHTMAP_OFF _NORMALMAP ok=1
Cmd: compileSnippet
  api=4 type=1 insize=982 outsize=11658 kw=DIRECTIONAL SHADOWS_SCREEN LIGHTMAP_OFF DIRLIGHTMAP_OFF DYNAMICLIGHTMAP_OFF _NORMALMAP ok=1
Cmd: compileSnippet
  api=4 type=0 insize=982 outsize=4638 kw=DIRECTIONAL SHADOWS_OFF LIGHTMAP_OFF DIRLIGHTMAP_OFF DYNAMICLIGHTMAP_OFF _NORMALMAP ok=1
Cmd: compileSnippet
  api=4 type=1 insize=982 outsize=11349 kw=DIRECTIONAL SHADOWS_OFF LIGHTMAP_OFF DIRLIGHTMAP_OFF DYNAMICLIGHTMAP_OFF _NORMALMAP ok=1
Cmd: compileSnippet
  api=4 type=0 insize=938 outsize=4036 kw=DIRECTIONAL SHADOWS_OFF _NORMALMAP ok=1
Cmd: compileSnippet
  api=4 type=1 insize=938 outsize=6214 kw=DIRECTIONAL SHADOWS_OFF _NORMALMAP ok=1
Cmd: compileSnippet
  api=4 type=0 insize=530 outsize=2224 kw= ok=1
Cmd: compileSnippet
  api=4 type=1 insize=530 outsize=1899 kw= ok=1
Cmd: compileSnippet
  api=4 type=0 insize=982 outsize=4711 kw=DIRECTIONAL SHADOWS_SCREEN LIGHTMAP_OFF DIRLIGHTMAP_COMBINED DYNAMICLIGHTMAP_ON ok=1
Cmd: compileSnippet
  api=4 type=1 insize=982 outsize=11389 kw=DIRECTIONAL SHADOWS_SCREEN LIGHTMAP_OFF DIRLIGHTMAP_COMBINED DYNAMICLIGHTMAP_ON ok=1
Cmd: compileSnippet
  api=1 type=0 insize=982 outsize=1026 kw=DIRECTIONAL SHADOWS_OFF LIGHTMAP_OFF DIRLIGHTMAP_OFF DYNAMICLIGHTMAP_OFF _NORMALMAP ok=1
Cmd: compileSnippet
  api=4 type=0 insize=982 outsize=6409 kw=DIRECTIONAL SHADOWS_SCREEN LIGHTMAP_OFF DIRLIGHTMAP_OFF DYNAMICLIGHTMAP_OFF VERTEXLIGHT_ON _NORMALMAP ok=1
Cmd: compileSnippet
  api=1 type=0 insize=938 outsize=915 kw=SPOT SHADOWS_OFF _NORMALMAP ok=1
Cmd: compileSnippet
  api=4 type=0 insize=938 outsize=4727 kw=SPOT SHADOWS_OFF _NORMALMAP ok=1
Cmd: compileSnippet
  api=4 type=0 insize=938 outsize=5141 kw=SPOT SHADOWS_DEPTH SHADOWS_NATIVE _NORMALMAP ok=1
Cmd: compileSnippet
  api=4 type=0 insize=938 outsize=5084 kw=DIRECTIONAL_COOKIE SHADOWS_SCREEN _NORMALMAP ok=1
Cmd: compileSnippet
  api=1 type=0 insize=938 outsize=1005 kw=SPOT SHADOWS_DEPTH SHADOWS_SOFT SHADOWS_NATIVE _NORMALMAP ok=1
Cmd: compileSnippet
  api=4 type=0 insize=938 outsize=4873 kw=POINT SHADOWS_CUBE SHADOWS_SOFT _NORMALMAP ok=1
Cmd: compileSnippet
  api=1 type=0 insize=1152 outsize=1026 kw=LIGHTMAP_OFF DIRLIGHTMAP_OFF DYNAMICLIGHTMAP_OFF UNITY_HDR_ON _NORMALMAP ok=1
Cmd: compileSnippet
  api=1 type=0 insize=530 outsize=567 kw= ok=1
Cmd: compileSnippet
  api=8 type=0 insize=886 outsize=7296 kw=DIRECTIONAL SHADOWS_OFF LIGHTMAP_OFF DIRLIGHTMAP_OFF DYNAMICLIGHTMAP_OFF _NORMALMAP ok=1
Cmd: compileSnippet
  api=8 type=0 insize=886 outsize=9604 kw=DIRECTIONAL SHADOWS_OFF LIGHTMAP_OFF DIRLIGHTMAP_OFF DYNAMICLIGHTMAP_OFF VERTEXLIGHT_ON _NORMALMAP ok=1
Cmd: compileSnippet
  api=1 type=0 insize=816 outsize=871 kw=POINT SHADOWS_OFF _NORMALMAP ok=1
Cmd: compileSnippet
  api=8 type=0 insize=816 outsize=6086 kw=DIRECTIONAL SHADOWS_OFF _NORMALMAP ok=1
Cmd: compileSnippet
  api=4 type=0 insize=816 outsize=5036 kw=POINT_COOKIE SHADOWS_OFF _NORMALMAP ok=1
Cmd: compileSnippet
  api=4 type=0 insize=816 outsize=4881 kw=DIRECTIONAL_COOKIE SHADOWS_OFF _NORMALMAP ok=1
Cmd: compileSnippet
  api=4 type=0 insize=816 outsize=5450 kw=SPOT SHADOWS_DEPTH SHADOWS_NATIVE _NORMALMAP ok=1
Cmd: compileSnippet
  api=4 type=0 insize=816 outsize=5239 kw=DIRECTIONAL_COOKIE SHADOWS_SCREEN _NORMALMAP ok=1
Cmd: compileSnippet
  api=1 type=0 insize=816 outsize=893 kw=POINT_COOKIE SHADOWS_CUBE _NORMALMAP ok=1
Cmd: compileSnippet
  api=8 type=0 insize=816 outsize=7142 kw=DIRECTIONAL SHADOWS_SCREEN SHADOWS_NATIVE _NORMALMAP ok=1
Cmd: compileSnippet
  api=1 type=0 insize=530 outsize=567 kw= ok=1
Cmd: compileSnippet
  api=1 type=1 insize=938 outsize=2304 kw=DIRECTIONAL SHADOWS_OFF _NORMALMAP ok=1
Cmd: compileSnippet
  api=4 type=1 insize=938 outsize=6904 kw=POINT_COOKIE SHADOWS_OFF _NORMALMAP ok=1
Cmd: compileSnippet
  api=4 type=1 insize=938 outsize=7733 kw=SPOT SHADOWS_DEPTH SHADOWS_NATIVE _NORMALMAP ok=1
Cmd: compileSnippet
  api=1 type=1 insize=938 outsize=2441 kw=DIRECTIONAL_COOKIE SHADOWS_SCREEN _NORMALMAP ok=1
Cmd: compileSnippet
  api=4 type=1 insize=938 outsize=7587 kw=POINT_COOKIE SHADOWS_CUBE _NORMALMAP ok=1
Cmd: compileSnippet
  api=1 type=1 insize=938 outsize=2896 kw=POINT SHADOWS_CUBE SHADOWS_SOFT _NORMALMAP ok=1
Cmd: compileSnippet
  api=1 type=1 insize=1152 outsize=2719 kw=LIGHTMAP_OFF DIRLIGHTMAP_OFF DYNAMICLIGHTMAP_OFF UNITY_HDR_ON _NORMALMAP ok=1
Cmd: compileSnippet
  api=1 type=1 insize=886 outsize=1435 kw=DIRECTIONAL SHADOWS_OFF LIGHTMAP_OFF DIRLIGHTMAP_OFF DYNAMICLIGHTMAP_OFF _NORMALMAP ok=1
Cmd: compileSnippet
  api=4 type=1 insize=886 outsize=4906 kw=DIRECTIONAL SHADOWS_SCREEN LIGHTMAP_OFF DIRLIGHTMAP_OFF DYNAMICLIGHTMAP_OFF _NORMALMAP ok=1
Cmd: compileSnippet
  api=1 type=1 insize=816 outsize=990 kw=DIRECTIONAL SHADOWS_OFF _NORMALMAP ok=1
Cmd: compileSnippet
  api=8 type=1 insize=816 outsize=4818 kw=DIRECTIONAL SHADOWS_OFF _NORMALMAP ok=1
Cmd: compileSnippet
  api=1 type=1 insize=816 outsize=1100 kw=POINT_COOKIE SHADOWS_OFF _NORMALMAP ok=1
Cmd: compileSnippet
  api=1 type=1 insize=816 outsize=1051 kw=DIRECTIONAL_COOKIE SHADOWS_OFF _NORMALMAP ok=1
Cmd: compileSnippet
  api=1 type=1 insize=816 outsize=1275 kw=SPOT SHADOWS_DEPTH SHADOWS_NATIVE _NORMALMAP ok=1
Cmd: compileSnippet
  api=4 type=1 insize=816 outsize=3419 kw=DIRECTIONAL SHADOWS_SCREEN _NORMALMAP ok=1
Cmd: compileSnippet
  api=1 type=1 insize=816 outsize=1247 kw=POINT SHADOWS_CUBE _NORMALMAP ok=1
Cmd: compileSnippet
  api=4 type=1 insize=816 outsize=4288 kw=POINT_COOKIE SHADOWS_CUBE _NORMALMAP ok=1
Cmd: compileSnippet
  api=1 type=0 insize=9591 outsize=4196 kw= ok=1
Cmd: compileSnippet
  api=8 type=0 insize=9591 outsize=16283 kw=UNITY_COLORSPACE_GAMMA ok=1
Cmd: compileSnippet
  api=1 type=1 insize=9591 outsize=837 kw= ok=1
Cmd: compileSnippet
  api=8 type=1 insize=9591 outsize=4249 kw=UNITY_COLORSPACE_GAMMA ok=1
